TN:
SF:src\components\TaskList\index.tsx
FN:11,(anonymous_0)
FN:14,(anonymous_1)
FN:18,(anonymous_2)
FN:22,(anonymous_3)
FN:30,(anonymous_4)
FN:31,(anonymous_5)
FN:34,(anonymous_6)
FNF:7
FNH:3
FNDA:7,(anonymous_0)
FNDA:0,(anonymous_1)
FNDA:0,(anonymous_2)
FNDA:0,(anonymous_3)
FNDA:2,(anonymous_4)
FNDA:2,(anonymous_5)
FNDA:0,(anonymous_6)
DA:11,3
DA:12,7
DA:14,7
DA:15,0
DA:22,0
DA:27,7
DA:30,2
DA:32,2
DA:34,0
DA:44,3
LF:10
LH:7
BRF:0
BRH:0
end_of_record
TN:
SF:src\context\TasksContext.tsx
FN:30,(anonymous_0)
FN:33,(anonymous_1)
FN:45,(anonymous_2)
FN:46,(anonymous_3)
FN:56,(anonymous_4)
FN:57,loadTasks
FN:75,useTaskList
FNF:7
FNH:7
FNDA:12,(anonymous_0)
FNDA:3,(anonymous_1)
FNDA:1,(anonymous_2)
FNDA:1,(anonymous_3)
FNDA:6,(anonymous_4)
FNDA:6,loadTasks
FNDA:20,useTaskList
DA:26,3
DA:28,3
DA:30,3
DA:31,12
DA:33,12
DA:34,3
DA:35,3
DA:37,3
DA:39,3
DA:41,0
DA:45,12
DA:46,1
DA:47,1
DA:49,1
DA:50,1
DA:52,0
DA:56,12
DA:58,6
DA:60,6
DA:61,2
DA:65,6
DA:68,12
DA:76,20
DA:78,20
DA:79,0
DA:82,20
LF:26
LH:23
BRDA:60,0,0,2
BRDA:60,0,1,4
BRDA:78,1,0,0
BRDA:78,1,1,20
BRF:4
BRH:3
end_of_record
TN:
SF:src\pages\Home\index.tsx
FN:14,Home
FN:18,(anonymous_1)
FNF:2
FNH:2
FNDA:6,Home
FNDA:1,(anonymous_1)
DA:15,6
DA:16,6
DA:18,6
DA:19,1
DA:24,1
DA:26,1
DA:29,6
DA:56,2
LF:8
LH:8
BRDA:21,0,0,1
BRDA:21,0,1,0
BRDA:72,1,0,0
BRDA:72,1,1,2
BRF:4
BRH:2
end_of_record
